Compilación iniciada a las 02/12/2015 17:05:14.
     1>Proyecto "C:\Users\gonzalo\Desktop\Juego-IPOO\Juego-IPOO\Juego-IPOO\Juego-IPOO.vcxproj" en el nodo 2 (Build destinos).
     1>ClCompile:
         C:\Program Files (x86)\Microsoft Visual Studio 14.0\VC\bin\CL.exe /c /ZI /nologo /W3 /WX- /sdl /Od /Oy- /D _MBCS /Gm /EHsc /RTC1 /MDd /GS /fp:precise /Zc:wchar_t /Zc:forScope /Zc:inline /Fo"Debug\\" /Fd"Debug\vc140.pdb" /Gd /TP /analyze- /errorReport:prompt menu.cpp
         menu.cpp
       Link:
         C:\Program Files (x86)\Microsoft Visual Studio 14.0\VC\bin\link.exe /ERRORREPORT:PROMPT /OUT:"C:\Users\gonzalo\Desktop\Juego-IPOO\Juego-IPOO\Debug\Juego-IPOO.exe" /INCREMENTAL /NOLOGO kernel32.lib user32.lib gdi32.lib winspool.lib comdlg32.lib advapi32.lib shell32.lib ole32.lib oleaut32.lib uuid.lib odbc32.lib odbccp32.lib /MANIFEST /MANIFESTUAC:"level='asInvoker' uiAccess='false'" /manifest:embed /Debug /PDB:"C:\Users\gonzalo\Desktop\Juego-IPOO\Juego-IPOO\Debug\Juego-IPOO.pdb" /TLBID:1 /DYNAMICBASE /NXCOMPAT /IMPLIB:"C:\Users\gonzalo\Desktop\Juego-IPOO\Juego-IPOO\Debug\Juego-IPOO.lib" /MACHINE:X86 Debug\arquero.obj
         Debug\arte.obj
         Debug\enemigo.obj
         Debug\guerrero.obj
         Debug\jugador.obj
         Debug\mago.obj
         Debug\main.obj
         Debug\menu.obj
         Debug\nivel.obj
         Debug\nivel1.obj
         Debug\rockball.obj
         Debug\tutorial.obj
         Juego-IPOO.vcxproj -> C:\Users\gonzalo\Desktop\Juego-IPOO\Juego-IPOO\Debug\Juego-IPOO.exe
     1>Compilación del proyecto terminada "C:\Users\gonzalo\Desktop\Juego-IPOO\Juego-IPOO\Juego-IPOO\Juego-IPOO.vcxproj" (Build destinos).

Compilación correcta.

Tiempo transcurrido 00:00:00.95
